[debug] [2020-11-13T17:45:41.260Z] ----------------------------------------------------------------------
[debug] [2020-11-13T17:45:41.263Z] Command:       C:\Program Files\nodejs\node.exe C:\Users\Home\AppData\Roaming\npm\node_modules\firebase-tools\lib\bin\firebase.js init
[debug] [2020-11-13T17:45:41.263Z] CLI Version:   7.12.1
[debug] [2020-11-13T17:45:41.263Z] Platform:      win32
[debug] [2020-11-13T17:45:41.263Z] Node Version:  v14.10.0
[debug] [2020-11-13T17:45:41.265Z] Time:          Fri Nov 13 2020 11:45:41 GMT-0600 (Central Standard Time)
[debug] [2020-11-13T17:45:41.265Z] ----------------------------------------------------------------------
[debug] [2020-11-13T17:45:41.265Z] 
[debug] [2020-11-13T17:45:41.277Z] > command requires scopes: ["email","openid","https://www.googleapis.com/auth/cloudplatformprojects.readonly","https://www.googleapis.com/auth/firebase","https://www.googleapis.com/auth/cloud-platform"]
[debug] [2020-11-13T17:45:41.278Z] > authorizing via signed-in user
[info] 
     ######## #### ########  ######## ########     ###     ######  ########
     ##        ##  ##     ## ##       ##     ##  ##   ##  ##       ##
     ######    ##  ########  ######   ########  #########  ######  ######
     ##        ##  ##    ##  ##       ##     ## ##     ##       ## ##
     ##       #### ##     ## ######## ########  ##     ##  ######  ########

You're about to initialize a Firebase project in this directory:

  C:\Users\Home\Documents\myprojects\Pokemon_card\pokemon-card

[info] 
=== Project Setup
[info] 
[info] First, let's associate this project directory with a Firebase project.
[info] You can create multiple project aliases by running firebase use --add, 
[info] but for now we'll just set up a default project.
[info] 
[debug] [2020-11-13T17:45:51.319Z] >>> HTTP REQUEST GET https://firebase.googleapis.com/v1beta1/projects?pageSize=100  
 
[debug] [2020-11-13T17:45:51.588Z] <<< HTTP RESPONSE 200
[debug] [2020-11-13T17:46:01.661Z] ----------------------------------------------------------------------
[debug] [2020-11-13T17:46:01.664Z] Command:       C:\Program Files\nodejs\node.exe C:\Users\Home\AppData\Roaming\npm\node_modules\firebase-tools\lib\bin\firebase.js init
[debug] [2020-11-13T17:46:01.665Z] CLI Version:   7.12.1
[debug] [2020-11-13T17:46:01.665Z] Platform:      win32
[debug] [2020-11-13T17:46:01.665Z] Node Version:  v14.10.0
[debug] [2020-11-13T17:46:01.667Z] Time:          Fri Nov 13 2020 11:46:01 GMT-0600 (Central Standard Time)
[debug] [2020-11-13T17:46:01.667Z] ----------------------------------------------------------------------
[debug] [2020-11-13T17:46:01.667Z] 
[debug] [2020-11-13T17:46:01.676Z] > command requires scopes: ["email","openid","https://www.googleapis.com/auth/cloudplatformprojects.readonly","https://www.googleapis.com/auth/firebase","https://www.googleapis.com/auth/cloud-platform"]
[debug] [2020-11-13T17:46:01.677Z] > authorizing via signed-in user
[info] 
     ######## #### ########  ######## ########     ###     ######  ########
     ##        ##  ##     ## ##       ##     ##  ##   ##  ##       ##
     ######    ##  ########  ######   ########  #########  ######  ######
     ##        ##  ##    ##  ##       ##     ## ##     ##       ## ##
     ##       #### ##     ## ######## ########  ##     ##  ######  ########

You're about to initialize a Firebase project in this directory:

  C:\Users\Home\Documents\myprojects\Pokemon_card\pokemon-card

[info] 
=== Project Setup
[info] 
[info] First, let's associate this project directory with a Firebase project.
[info] You can create multiple project aliases by running firebase use --add, 
[info] but for now we'll just set up a default project.
[info] 
[info] i  If you want to create a project in a Google Cloud organization or folder, please use "firebase projects:create" instead, and return to this command when you've created the project.
[debug] [2020-11-13T17:46:14.135Z] >>> HTTP REQUEST POST https://cloudresourcemanager.googleapis.com/v1/projects  

[debug] [2020-11-13T17:46:14.449Z] <<< HTTP RESPONSE 409
[debug] [2020-11-13T17:46:14.451Z] <<< HTTP RESPONSE BODY
[debug] [2020-11-13T17:46:14.455Z] HTTP Error: 409, Requested entity already exists
[debug] [2020-11-13T17:46:14.597Z] FirebaseError: HTTP Error: 409, Requested entity already exists
    at module.exports (C:\Users\Home\AppData\Roaming\npm\node_modules\firebase-tools\lib\responseToError.js:38:12)
    at Request._callback (C:\Users\Home\AppData\Roaming\npm\node_modules\firebase-tools\lib\api.js:39:35)
    at Request.self.callback (C:\Users\Home\AppData\Roaming\npm\node_modules\firebase-tools\node_modules\request\request.js:185:22)
    at Request.emit (events.js:314:20)
    at Request.EventEmitter.emit (domain.js:486:12)
    at Request.<anonymous> (C:\Users\Home\AppData\Roaming\npm\node_modules\firebase-tools\node_modules\request\request.js:1161:10)
    at Request.emit (events.js:314:20)
    at Request.EventEmitter.emit (domain.js:486:12)
    at IncomingMessage.<anonymous> (C:\Users\Home\AppData\Roaming\npm\node_modules\firebase-tools\node_modules\request\request.js:1083:12)
    at Object.onceWrapper (events.js:420:28)
    at IncomingMessage.emit (events.js:326:22)
    at IncomingMessage.EventEmitter.emit (domain.js:486:12)
    at endReadableNT (_stream_readable.js:1308:12)
    at processTicksAndRejections (internal/process/task_queues.js:80:21)
[error] 
[error] Error: Failed to create Google Cloud project. See firebase-debug.log for more info.
[debug] [2020-11-13T17:46:54.117Z] ----------------------------------------------------------------------
[debug] [2020-11-13T17:46:54.120Z] Command:       C:\Program Files\nodejs\node.exe C:\Users\Home\AppData\Roaming\npm\node_modules\firebase-tools\lib\bin\firebase.js init
[debug] [2020-11-13T17:46:54.120Z] CLI Version:   7.12.1
[debug] [2020-11-13T17:46:54.120Z] Platform:      win32
[debug] [2020-11-13T17:46:54.120Z] Node Version:  v14.10.0
[debug] [2020-11-13T17:46:54.122Z] Time:          Fri Nov 13 2020 11:46:54 GMT-0600 (Central Standard Time)
[debug] [2020-11-13T17:46:54.122Z] ----------------------------------------------------------------------
[debug] [2020-11-13T17:46:54.122Z] 
[debug] [2020-11-13T17:46:54.131Z] > command requires scopes: ["email","openid","https://www.googleapis.com/auth/cloudplatformprojects.readonly","https://www.googleapis.com/auth/firebase","https://www.googleapis.com/auth/cloud-platform"]
[debug] [2020-11-13T17:46:54.132Z] > authorizing via signed-in user
[info] 
     ######## #### ########  ######## ########     ###     ######  ########
     ##        ##  ##     ## ##       ##     ##  ##   ##  ##       ##
     ######    ##  ########  ######   ########  #########  ######  ######
     ##        ##  ##    ##  ##       ##     ## ##     ##       ## ##
     ##       #### ##     ## ######## ########  ##     ##  ######  ########

You're about to initialize a Firebase project in this directory:

  C:\Users\Home\Documents\myprojects\Pokemon_card\pokemon-card

[info] 
=== Project Setup
[info] 
[info] First, let's associate this project directory with a Firebase project.
[info] You can create multiple project aliases by running firebase use --add, 
[info] but for now we'll just set up a default project.
[info] 
[debug] [2020-11-13T17:47:03.077Z] >>> HTTP REQUEST GET https://firebase.googleapis.com/v1beta1/projects?pageSize=100  
 
[debug] [2020-11-13T17:47:03.368Z] <<< HTTP RESPONSE 200
[debug] [2020-11-13T17:47:22.403Z] ----------------------------------------------------------------------
[debug] [2020-11-13T17:47:22.406Z] Command:       C:\Program Files\nodejs\node.exe C:\Users\Home\AppData\Roaming\npm\node_modules\firebase-tools\lib\bin\firebase.js init
[debug] [2020-11-13T17:47:22.406Z] CLI Version:   7.12.1
[debug] [2020-11-13T17:47:22.406Z] Platform:      win32
[debug] [2020-11-13T17:47:22.406Z] Node Version:  v14.10.0
[debug] [2020-11-13T17:47:22.408Z] Time:          Fri Nov 13 2020 11:47:22 GMT-0600 (Central Standard Time)
[debug] [2020-11-13T17:47:22.408Z] ----------------------------------------------------------------------
[debug] [2020-11-13T17:47:22.408Z] 
[debug] [2020-11-13T17:47:22.417Z] > command requires scopes: ["email","openid","https://www.googleapis.com/auth/cloudplatformprojects.readonly","https://www.googleapis.com/auth/firebase","https://www.googleapis.com/auth/cloud-platform"]
[debug] [2020-11-13T17:47:22.418Z] > authorizing via signed-in user
[info] 
     ######## #### ########  ######## ########     ###     ######  ########
     ##        ##  ##     ## ##       ##     ##  ##   ##  ##       ##
     ######    ##  ########  ######   ########  #########  ######  ######
     ##        ##  ##    ##  ##       ##     ## ##     ##       ## ##
     ##       #### ##     ## ######## ########  ##     ##  ######  ########

You're about to initialize a Firebase project in this directory:

  C:\Users\Home\Documents\myprojects\Pokemon_card\pokemon-card

[info] 
=== Project Setup
[info] 
[info] First, let's associate this project directory with a Firebase project.
[info] You can create multiple project aliases by running firebase use --add, 
[info] but for now we'll just set up a default project.
[info] 
[info] i  If you want to create a project in a Google Cloud organization or folder, please use "firebase projects:create" instead, and return to this command when you've created the project.
[debug] [2020-11-13T17:47:39.063Z] >>> HTTP REQUEST POST https://cloudresourcemanager.googleapis.com/v1/projects  

[debug] [2020-11-13T17:47:39.232Z] <<< HTTP RESPONSE 400
[debug] [2020-11-13T17:47:39.233Z] <<< HTTP RESPONSE BODY
[debug] [2020-11-13T17:47:39.234Z] HTTP Error: 400, Request contains an invalid argument.
[debug] [2020-11-13T17:47:39.375Z] FirebaseError: HTTP Error: 400, Request contains an invalid argument.
    at module.exports (C:\Users\Home\AppData\Roaming\npm\node_modules\firebase-tools\lib\responseToError.js:38:12)
    at Request._callback (C:\Users\Home\AppData\Roaming\npm\node_modules\firebase-tools\lib\api.js:39:35)
    at Request.self.callback (C:\Users\Home\AppData\Roaming\npm\node_modules\firebase-tools\node_modules\request\request.js:185:22)
    at Request.emit (events.js:314:20)
    at Request.EventEmitter.emit (domain.js:486:12)
    at Request.<anonymous> (C:\Users\Home\AppData\Roaming\npm\node_modules\firebase-tools\node_modules\request\request.js:1161:10)
    at Request.emit (events.js:314:20)
    at Request.EventEmitter.emit (domain.js:486:12)
    at IncomingMessage.<anonymous> (C:\Users\Home\AppData\Roaming\npm\node_modules\firebase-tools\node_modules\request\request.js:1083:12)
    at Object.onceWrapper (events.js:420:28)
    at IncomingMessage.emit (events.js:326:22)
    at IncomingMessage.EventEmitter.emit (domain.js:486:12)
    at endReadableNT (_stream_readable.js:1308:12)
    at processTicksAndRejections (internal/process/task_queues.js:80:21)
[error] 
[error] Error: Failed to create Google Cloud project. See firebase-debug.log for more info.
[debug] [2020-11-13T17:49:11.197Z] ----------------------------------------------------------------------
[debug] [2020-11-13T17:49:11.201Z] Command:       C:\Program Files\nodejs\node.exe C:\Users\Home\AppData\Roaming\npm\node_modules\firebase-tools\lib\bin\firebase.js projects:list --debug
[debug] [2020-11-13T17:49:11.202Z] CLI Version:   7.12.1
[debug] [2020-11-13T17:49:11.203Z] Platform:      win32
[debug] [2020-11-13T17:49:11.204Z] Node Version:  v14.10.0
[debug] [2020-11-13T17:49:11.207Z] Time:          Fri Nov 13 2020 11:49:11 GMT-0600 (Central Standard Time)
[debug] [2020-11-13T17:49:11.207Z] ----------------------------------------------------------------------
[debug] [2020-11-13T17:49:11.208Z] 
[debug] [2020-11-13T17:49:11.219Z] > command requires scopes: ["email","openid","https://www.googleapis.com/auth/cloudplatformprojects.readonly","https://www.googleapis.com/auth/firebase","https://www.googleapis.com/auth/cloud-platform"]
[debug] [2020-11-13T17:49:11.220Z] > authorizing via signed-in user
[debug] [2020-11-13T17:49:11.229Z] >>> HTTP REQUEST GET https://firebase.googleapis.com/v1beta1/projects?pageSize=1000  
 
[debug] [2020-11-13T17:49:11.494Z] <<< HTTP RESPONSE 200
[info] ┌──────────────────────┬──────────────────────────┬──────────────────────┐
│ Project Display Name │ Project ID               │ Resource Location ID │
├──────────────────────┼──────────────────────────┼──────────────────────┤
│ blackjack            │ blackjack-382aa          │ [Not specified]      │
├──────────────────────┼──────────────────────────┼──────────────────────┤
│ Cheap-Gas-stations   │ cheap-gas-stations       │ [Not specified]      │
├──────────────────────┼──────────────────────────┼──────────────────────┤
│ currency-converter   │ currency-converter-26396 │ [Not specified]      │
└──────────────────────┴──────────────────────────┴──────────────────────┘
[info] 
[info] 3 project(s) total.
